[1017/095542:ERROR:process_reader_win.cc(142)] SuspendThread: 拒绝访问。 (0x5)
[1017/095542:ERROR:process_reader_win.cc(142)] SuspendThread: 拒绝访问。 (0x5)
[1017/095542:ERROR:process_reader_win.cc(142)] SuspendThread: 拒绝访问。 (0x5)
[1017/095542:ERROR:scoped_process_suspend.cc(38)] NtResumeProcess: 已尝试访问正在退出的过程。  (0xc000010a)
[1017/095542:ERROR:process_reader_win.cc(142)] SuspendThread: 拒绝访问。 (0x5)
[1017/095542:ERROR:exception_snapshot_win.cc(87)] thread ID 7964 not found in process
[1017/095542:WARNING:crash_report_exception_handler.cc(56)] ProcessSnapshotWin::Initialize failed
[1017/095554:ERROR:process_reader_win.cc(142)] SuspendThread: 拒绝访问。 (0x5)
[1017/095554:ERROR:process_reader_win.cc(142)] SuspendThread: 拒绝访问。 (0x5)
[1017/095554:ERROR:process_reader_win.cc(114)] NtOpenThread: 指定无效的客户端 ID。  (0xc000000b)
[1017/095554:ERROR:process_reader_win.cc(142)] SuspendThread: 拒绝访问。 (0x5)
[1017/095554:ERROR:process_reader_win.cc(142)] SuspendThread: 拒绝访问。 (0x5)
[1017/095554:ERROR:process_reader_win.cc(142)] SuspendThread: 拒绝访问。 (0x5)
[1017/095554:ERROR:scoped_process_suspend.cc(38)] NtResumeProcess: 已尝试访问正在退出的过程。  (0xc000010a)
[1017/095554:ERROR:process_reader_win.cc(142)] SuspendThread: 拒绝访问。 (0x5)
[1017/095554:ERROR:exception_snapshot_win.cc(87)] thread ID 1240 not found in process
[1017/095554:WARNING:crash_report_exception_handler.cc(56)] ProcessSnapshotWin::Initialize failed
[1017/095554:ERROR:scoped_process_suspend.cc(38)] NtResumeProcess: 已尝试访问正在退出的过程。  (0xc000010a)
[1017/095554:ERROR:process_reader_win.cc(233)] ReadMemory at 0x535000 of 45056 bytes failed: 仅完成部分的 ReadProcessMemory 或 WriteProcessMemory 请求。 (0x12B)
[1017/095554:ERROR:crash_report_exception_handler.cc(98)] WriteEverything failed
[1017/095554:ERROR:scoped_process_suspend.cc(38)] NtResumeProcess: 已尝试访问正在退出的过程。  (0xc000010a)
[1017/095630:ERROR:process_reader_win.cc(233)] ReadMemory at 0xd35000 of 45056 bytes failed: 仅完成部分的 ReadProcessMemory 或 WriteProcessMemory 请求。 (0x12B)
[1017/095630:ERROR:crash_report_exception_handler.cc(98)] WriteEverything failed
[1017/095630:ERROR:scoped_process_suspend.cc(38)] NtResumeProcess: 已尝试访问正在退出的过程。  (0xc000010a)
